<?xml version="1.0" encoding="UTF-8"?>
<!-- Generated by org.testng.reporters.JUnitReportReporter -->
<testsuite hostname="DESKTOP-MOJTH54" failures="0" tests="3" name="com.crm.qa.testcases.LoginPageTest" time="27.411" errors="0" timestamp="2023-02-09T11:03:42 CST" skipped="1">
  <testcase classname="com.crm.qa.testcases.LoginPageTest" name="loginPageTitleTest" time="18.895"/>
  <system-out/>
  <testcase classname="com.crm.qa.testcases.LoginPageTest" name="crmLogoImageTest" time="8.516"/>
  <system-out/>
  <testcase classname="com.crm.qa.testcases.LoginPageTest" name="loginTest">
    <skipped/>
  </testcase> <!-- loginTest -->
  <system-out/>
</testsuite> <!-- com.crm.qa.testcases.LoginPageTest -->
